[freeppalmoney.com/freepaypalmoney/index.html]
[backblue.gif]
[fade.gif]
[index.html]
[freeppalmoney.com/freepaypalmoney/css/bootstrap.min.css]
[freeppalmoney.com/freepaypalmoney/css/bootstrap.superhero.css]
[freeppalmoney.com/freepaypalmoney/js/jquery-1.10.2.js]
[freeppalmoney.com/freepaypalmoney/js/bootstrap.min.js]
[freeppalmoney.com/freepaypalmoney/js/standard.js]
[connect.facebook.net/en_US/fbevents.js]
[www.facebook.com/tr2efd.gif]
[freeppalmoney.com/freepaypalmoney/test3.png]
[freeppalmoney.com/freepaypalmoney/verify.html]
[freeppalmoney.com/freepaypalmoney/index.html]
[freeppalmoney.com/freepaypalmoney/verify.html]
[freeppalmoney.com/freepaypalmoney/fonts/glyphicons-halflings-regular.eot]
[freeppalmoney.com/freepaypalmoney/fonts/glyphicons-halflings-regulard41dd41dd41d.eot]
[freeppalmoney.com/freepaypalmoney/fonts/glyphicons-halflings-regular.woff]
[freeppalmoney.com/freepaypalmoney/fonts/glyphicons-halflings-regular.d.delayed]
[freeppalmoney.com/freepaypalmoney/fonts/glyphicons-halflings-regular.e.delayed]
[freeppalmoney.com/freepaypalmoney/css/bootstrap.min.css]
[freeppalmoney.com/freepaypalmoney/fonts/glyphicons-halflings-regulard41dd41dd41d.fd41d.delayed]
[freeppalmoney.com/freepaypalmoney/css/bootstrap.superhero.css]
[www.facebook.com/tr2efd.gif]
[freeppalmoney.com/freepaypalmoney/background.jpg]
[freeppalmoney.com/freepaypalmoney/css/standard.css]
[connect.facebook.net/en_US/fbevents.js]
[freeppalmoney.com/freepaypalmoney/verify.html]
[freeppalmoney.com/freepaypalmoney/fonts/glyphicons-halflings-regular.html]
[freeppalmoney.com/freepaypalmoney/fonts/glyphicons-halflings-regulard41dd41dd41d.html]
[freeppalmoney.com/freepaypalmoney/fonts/glyphicons-halflings-regular-2.html]
[freeppalmoney.com/freepaypalmoney/fonts/glyphicons-halflings-regular-3.html]
[freeppalmoney.com/freepaypalmoney/fonts/glyphicons-halflings-regular-4.html]
[freeppalmoney.com/freepaypalmoney/fonts/glyphicons-halflings-regulard41dd41dd41dd41d.html]
